(---------------------------------------------------------------------)
(                                                                     )
(    Allegro Netrev Import Logic                                      )
(                                                                     )
(    Drawing          : Stereo.brd                                    )
(    Software Version : 16.6P004                                      )
(    Date/Time        : Tue Oct 21 09:44:45 2014                      )
(                                                                     )
(---------------------------------------------------------------------)


------ Directives ------

RIPUP_ETCH FALSE;
RIPUP_DELETE_FIRST_SEGMENT FALSE;
RIPUP_RETAIN_BONDWIRE FALSE;
RIPUP_SYMBOLS ALWAYS;
Missing symbol has error FALSE;
SCHEMATIC_DIRECTORY 'C:/Users/Liu/Desktop/Stereo/Schematic/allegro';
BOARD_DIRECTORY '';
OLD_BOARD_NAME 'C:/Users/Liu/Desktop/Stereo/Layout/Stereo.brd';
NEW_BOARD_NAME 'C:/Users/Liu/Desktop/Stereo/Layout/Stereo.brd';

CmdLine: netrev -$ -i C:/Users/Liu/Desktop/Stereo/Schematic/allegro -y 1 C:/Users/Liu/Desktop/Stereo/Layout/#Taaaaab08076.tmp

------ Preparing to read pst files ------

Starting to read C:/Users/Liu/Desktop/Stereo/Schematic/allegro/pstchip.dat 
   Finished reading C:/Users/Liu/Desktop/Stereo/Schematic/allegro/pstchip.dat (00:00:00.04)
Starting to read C:/Users/Liu/Desktop/Stereo/Schematic/allegro/pstxprt.dat 
   Finished reading C:/Users/Liu/Desktop/Stereo/Schematic/allegro/pstxprt.dat (00:00:00.00)
Starting to read C:/Users/Liu/Desktop/Stereo/Schematic/allegro/pstxnet.dat 
   Finished reading C:/Users/Liu/Desktop/Stereo/Schematic/allegro/pstxnet.dat (00:00:00.00)

------ Oversights/Warnings/Errors ------


------ Library Paths ------
MODULEPATH =  . 
           D:/Cadence/SPB_16.6/share/local/pcb/modules 
           C:/Users/Liu/Desktop/Stereo/Library 

PSMPATH =  . 
           symbols 
           .. 
           ../symbols 
           D:/Cadence/SPB_16.6/share/local/pcb/symbols 
           D:/Cadence/SPB_16.6/share/pcb/pcb_lib/symbols 
           D:/Cadence/SPB_16.6/share/pcb/allegrolib/symbols 
           C:/Users/Liu/Desktop/Stereo/Library 

PADPATH =  . 
           symbols 
           .. 
           ../symbols 
           D:/Cadence/SPB_16.6/share/local/pcb/padstacks 
           D:/Cadence/SPB_16.6/share/pcb/pcb_lib/symbols 
           D:/Cadence/SPB_16.6/share/pcb/allegrolib/symbols 
           C:/Users/Liu/Desktop/Stereo/Library 


------ Summary Statistics ------


netrev run on Oct 21 9:44:45 2014
   DESIGN NAME : 'STEREO'
   PACKAGING ON Sep 10 2012 04:46:09

   COMPILE 'logic'
   CHECK_PIN_NAMES OFF
   CROSS_REFERENCE OFF
   FEEDBACK OFF
   INCREMENTAL OFF
   INTERFACE_TYPE PHYSICAL
   MAX_ERRORS 500
   MERGE_MINIMUM 5
   NET_NAME_CHARS '#%&()*+-./:=>?@[]^_`|'
   NET_NAME_LENGTH 24
   OVERSIGHTS ON
   REPLACE_CHECK OFF
   SINGLE_NODE_NETS ON
   SPLIT_MINIMUM 0
   SUPPRESS   20
   WARNINGS ON

 No error detected
 No oversight detected
 No warning detected

cpu time      0:03:52
elapsed time  0:00:02

